0 verbose cli /usr/bin/node /usr/bin/npm
1 info using npm@9.2.0
2 info using node@v18.19.1
3 timing npm:load:whichnode Completed in 1ms
4 timing config:load:defaults Completed in 2ms
5 timing config:load:file:/usr/share/nodejs/npm/npmrc Completed in 5ms
6 timing config:load:builtin Completed in 6ms
7 timing config:load:cli Completed in 7ms
8 timing config:load:env Completed in 1ms
9 timing config:load:project Completed in 3ms
10 timing config:load:file:/home/ubuntu/.npmrc Completed in 0ms
11 timing config:load:user Completed in 0ms
12 timing config:load:file:/etc/npmrc Completed in 0ms
13 timing config:load:global Completed in 0ms
14 timing config:load:setEnvs Completed in 3ms
15 timing config:load Completed in 22ms
16 timing npm:load:configload Completed in 22ms
17 timing npm:load:mkdirpcache Completed in 0ms
18 timing npm:load:mkdirplogs Completed in 1ms
19 verbose title npm install express
20 verbose argv "install" "express" "--save"
21 timing npm:load:setTitle Completed in 2ms
22 timing config:load:flatten Completed in 6ms
23 timing npm:load:display Completed in 7ms
24 verbose logfile logs-max:10 dir:/home/ubuntu/.npm/_logs/2024-10-15T17_00_29_118Z-
25 verbose logfile /home/ubuntu/.npm/_logs/2024-10-15T17_00_29_118Z-debug-0.log
26 timing npm:load:logFile Completed in 10ms
27 timing npm:load:timers Completed in 1ms
28 timing npm:load:configScope Completed in 0ms
29 timing npm:load Completed in 45ms
30 timing config:load:flatten Completed in 0ms
31 timing arborist:ctor Completed in 0ms
32 silly logfile done cleaning log files
33 timing idealTree:init Completed in 113ms
34 timing idealTree:userRequests Completed in 3ms
35 silly idealTree buildDeps
36 silly fetch manifest express@^4.21.1
37 timing arborist:ctor Completed in 0ms
38 http fetch GET 200 https://registry.npmjs.org/express 109ms (cache hit)
39 silly placeDep ROOT express@4.21.1 REPLACE for:  want: ^4.21.1
40 timing idealTree:#root Completed in 133ms
41 timing idealTree:node_modules/express Completed in 0ms
42 timing idealTree:buildDeps Completed in 134ms
43 timing idealTree:fixDepFlags Completed in 1ms
44 timing idealTree Completed in 255ms
45 timing reify:loadTrees Completed in 257ms
46 timing reify:diffTrees Completed in 4ms
47 silly reify moves {}
48 timing reify:retireShallow Completed in 2ms
49 timing reify:createSparse Completed in 0ms
50 timing reify:loadBundles Completed in 0ms
51 silly audit bulk request {
51 silly audit   accepts: [ '1.3.8' ],
51 silly audit   'array-flatten': [ '1.1.1' ],
51 silly audit   'body-parser': [ '1.20.3' ],
51 silly audit   bytes: [ '3.1.2' ],
51 silly audit   'call-bind': [ '1.0.7' ],
51 silly audit   'content-disposition': [ '0.5.4' ],
51 silly audit   'content-type': [ '1.0.5' ],
51 silly audit   cookie: [ '0.7.1' ],
51 silly audit   'cookie-signature': [ '1.0.6' ],
51 silly audit   debug: [ '2.6.9' ],
51 silly audit   'define-data-property': [ '1.1.4' ],
51 silly audit   depd: [ '2.0.0' ],
51 silly audit   destroy: [ '1.2.0' ],
51 silly audit   'ee-first': [ '1.1.1' ],
51 silly audit   encodeurl: [ '2.0.0', '1.0.2' ],
51 silly audit   'es-define-property': [ '1.0.0' ],
51 silly audit   'es-errors': [ '1.3.0' ],
51 silly audit   'escape-html': [ '1.0.3' ],
51 silly audit   etag: [ '1.8.1' ],
51 silly audit   finalhandler: [ '1.3.1' ],
51 silly audit   forwarded: [ '0.2.0' ],
51 silly audit   fresh: [ '0.5.2' ],
51 silly audit   'function-bind': [ '1.1.2' ],
51 silly audit   'get-intrinsic': [ '1.2.4' ],
51 silly audit   gopd: [ '1.0.1' ],
51 silly audit   'has-property-descriptors': [ '1.0.2' ],
51 silly audit   'has-proto': [ '1.0.3' ],
51 silly audit   'has-symbols': [ '1.0.3' ],
51 silly audit   hasown: [ '2.0.2' ],
51 silly audit   'http-errors': [ '2.0.0' ],
51 silly audit   'iconv-lite': [ '0.4.24' ],
51 silly audit   inherits: [ '2.0.4' ],
51 silly audit   'ipaddr.js': [ '1.9.1' ],
51 silly audit   'media-typer': [ '0.3.0' ],
51 silly audit   'merge-descriptors': [ '1.0.3' ],
51 silly audit   methods: [ '1.1.2' ],
51 silly audit   mime: [ '1.6.0' ],
51 silly audit   'mime-db': [ '1.52.0' ],
51 silly audit   'mime-types': [ '2.1.35' ],
51 silly audit   ms: [ '2.0.0', '2.1.3' ],
51 silly audit   negotiator: [ '0.6.3' ],
51 silly audit   'object-inspect': [ '1.13.2' ],
51 silly audit   'on-finished': [ '2.4.1' ],
51 silly audit   parseurl: [ '1.3.3' ],
51 silly audit   'path-to-regexp': [ '0.1.10' ],
51 silly audit   'proxy-addr': [ '2.0.7' ],
51 silly audit   qs: [ '6.13.0' ],
51 silly audit   'range-parser': [ '1.2.1' ],
51 silly audit   'raw-body': [ '2.5.2' ],
51 silly audit   'safe-buffer': [ '5.2.1' ],
51 silly audit   'safer-buffer': [ '2.1.2' ],
51 silly audit   send: [ '0.19.0' ],
51 silly audit   'serve-static': [ '1.16.2' ],
51 silly audit   'set-function-length': [ '1.2.2' ],
51 silly audit   setprototypeof: [ '1.2.0' ],
51 silly audit   'side-channel': [ '1.0.6' ],
51 silly audit   statuses: [ '2.0.1' ],
51 silly audit   toidentifier: [ '1.0.1' ],
51 silly audit   'type-is': [ '1.6.18' ],
51 silly audit   unpipe: [ '1.0.0' ],
51 silly audit   'utils-merge': [ '1.0.1' ],
51 silly audit   vary: [ '1.1.2' ],
51 silly audit   express: [ '4.21.1' ]
51 silly audit }
52 timing reify:unpack Completed in 1ms
53 timing reify:unretire Completed in 0ms
54 timing build:queue Completed in 0ms
55 timing build:deps Completed in 2ms
56 timing build Completed in 3ms
57 timing reify:build Completed in 4ms
58 timing reify:trash Completed in 0ms
59 timing reify:save Completed in 60ms
60 http fetch POST 200 https://registry.npmjs.org/-/npm/v1/security/advisories/bulk 314ms
61 timing auditReport:getReport Completed in 318ms
62 silly audit report {}
63 timing auditReport:init Completed in 0ms
64 timing reify:audit Completed in 321ms
65 timing reify Completed in 590ms
66 timing command:install Completed in 604ms
67 verbose exit 0
68 timing npm Completed in 673ms
69 info ok
