0 verbose cli /usr/bin/node /usr/bin/npm
1 info using npm@9.2.0
2 info using node@v18.19.1
3 timing npm:load:whichnode Completed in 0ms
4 timing config:load:defaults Completed in 2ms
5 timing config:load:file:/usr/share/nodejs/npm/npmrc Completed in 4ms
6 timing config:load:builtin Completed in 4ms
7 timing config:load:cli Completed in 4ms
8 timing config:load:env Completed in 1ms
9 timing config:load:project Completed in 2ms
10 timing config:load:file:/home/ubuntu/.npmrc Completed in 0ms
11 timing config:load:user Completed in 0ms
12 timing config:load:file:/etc/npmrc Completed in 0ms
13 timing config:load:global Completed in 0ms
14 timing config:load:setEnvs Completed in 3ms
15 timing config:load Completed in 18ms
16 timing npm:load:configload Completed in 19ms
17 timing npm:load:mkdirpcache Completed in 0ms
18 timing npm:load:mkdirplogs Completed in 0ms
19 verbose title npm install express
20 verbose argv "install" "express" "--save"
21 timing npm:load:setTitle Completed in 3ms
22 timing config:load:flatten Completed in 7ms
23 timing npm:load:display Completed in 8ms
24 verbose logfile logs-max:10 dir:/home/ubuntu/.npm/_logs/2024-10-15T16_58_58_366Z-
25 verbose logfile /home/ubuntu/.npm/_logs/2024-10-15T16_58_58_366Z-debug-0.log
26 timing npm:load:logFile Completed in 9ms
27 timing npm:load:timers Completed in 0ms
28 timing npm:load:configScope Completed in 0ms
29 timing npm:load Completed in 39ms
30 timing config:load:flatten Completed in 1ms
31 timing arborist:ctor Completed in 1ms
32 silly logfile done cleaning log files
33 timing arborist:ctor Completed in 3ms
34 timing idealTree:init Completed in 26ms
35 timing idealTree:userRequests Completed in 7ms
36 silly idealTree buildDeps
37 silly fetch manifest express@*
38 http fetch GET 200 https://registry.npmjs.org/express 153ms (cache miss)
39 silly placeDep ROOT express@4.21.1 OK for:  want: *
40 silly fetch manifest qs@6.13.0
41 silly fetch manifest depd@2.0.0
42 silly fetch manifest etag@~1.8.1
43 silly fetch manifest send@0.19.0
44 silly fetch manifest vary@~1.1.2
45 silly fetch manifest debug@2.6.9
46 silly fetch manifest fresh@0.5.2
47 silly fetch manifest cookie@0.7.1
48 silly fetch manifest accepts@~1.3.8
49 silly fetch manifest methods@~1.1.2
50 silly fetch manifest type-is@~1.6.18
51 silly fetch manifest parseurl@~1.3.3
52 silly fetch manifest statuses@2.0.1
53 silly fetch manifest encodeurl@~2.0.0
54 silly fetch manifest proxy-addr@~2.0.7
55 silly fetch manifest body-parser@1.20.3
56 silly fetch manifest escape-html@~1.0.3
57 silly fetch manifest http-errors@2.0.0
58 silly fetch manifest on-finished@2.4.1
59 silly fetch manifest safe-buffer@5.2.1
60 silly fetch manifest utils-merge@1.0.1
61 silly fetch manifest content-type@~1.0.4
62 silly fetch manifest finalhandler@1.3.1
63 silly fetch manifest range-parser@~1.2.1
64 silly fetch manifest serve-static@1.16.2
65 silly fetch manifest array-flatten@1.1.1
66 silly fetch manifest path-to-regexp@0.1.10
67 silly fetch manifest setprototypeof@1.2.0
68 silly fetch manifest cookie-signature@1.0.6
69 silly fetch manifest merge-descriptors@1.0.3
70 silly fetch manifest content-disposition@0.5.4
71 http fetch GET 200 https://registry.npmjs.org/encodeurl 286ms (cache miss)
72 http fetch GET 200 https://registry.npmjs.org/qs 306ms (cache miss)
73 http fetch GET 200 https://registry.npmjs.org/body-parser 305ms (cache miss)
74 http fetch GET 200 https://registry.npmjs.org/vary 326ms (cache miss)
75 http fetch GET 200 https://registry.npmjs.org/escape-html 325ms (cache miss)
76 http fetch GET 200 https://registry.npmjs.org/statuses 328ms (cache miss)
77 http fetch GET 200 https://registry.npmjs.org/fresh 335ms (cache miss)
78 http fetch GET 200 https://registry.npmjs.org/etag 338ms (cache miss)
79 http fetch GET 200 https://registry.npmjs.org/methods 335ms (cache miss)
80 http fetch GET 200 https://registry.npmjs.org/utils-merge 327ms (cache miss)
81 http fetch GET 200 https://registry.npmjs.org/on-finished 330ms (cache miss)
82 http fetch GET 200 https://registry.npmjs.org/parseurl 334ms (cache miss)
83 http fetch GET 200 https://registry.npmjs.org/content-type 330ms (cache miss)
84 http fetch GET 200 https://registry.npmjs.org/depd 350ms (cache miss)
85 http fetch GET 200 https://registry.npmjs.org/setprototypeof 330ms (cache miss)
86 http fetch GET 200 https://registry.npmjs.org/array-flatten 331ms (cache miss)
87 http fetch GET 200 https://registry.npmjs.org/merge-descriptors 329ms (cache miss)
88 http fetch GET 200 https://registry.npmjs.org/content-disposition 330ms (cache miss)
89 http fetch GET 200 https://registry.npmjs.org/range-parser 342ms (cache miss)
90 http fetch GET 200 https://registry.npmjs.org/safe-buffer 346ms (cache miss)
91 http fetch GET 200 https://registry.npmjs.org/cookie 358ms (cache miss)
92 http fetch GET 200 https://registry.npmjs.org/cookie-signature 342ms (cache miss)
93 http fetch GET 200 https://registry.npmjs.org/accepts 358ms (cache miss)
94 http fetch GET 200 https://registry.npmjs.org/type-is 357ms (cache miss)
95 http fetch GET 200 https://registry.npmjs.org/proxy-addr 354ms (cache miss)
96 http fetch GET 200 https://registry.npmjs.org/http-errors 356ms (cache miss)
97 http fetch GET 200 https://registry.npmjs.org/finalhandler 352ms (cache miss)
98 http fetch GET 200 https://registry.npmjs.org/send 367ms (cache miss)
99 http fetch GET 200 https://registry.npmjs.org/serve-static 355ms (cache miss)
100 http fetch GET 200 https://registry.npmjs.org/path-to-regexp 355ms (cache miss)
101 http fetch GET 200 https://registry.npmjs.org/debug 375ms (cache miss)
102 timing idealTree:#root Completed in 560ms
103 silly placeDep ROOT accepts@1.3.8 OK for: express@4.21.1 want: ~1.3.8
104 silly placeDep ROOT array-flatten@1.1.1 OK for: express@4.21.1 want: 1.1.1
105 silly placeDep ROOT body-parser@1.20.3 OK for: express@4.21.1 want: 1.20.3
106 silly placeDep ROOT content-disposition@0.5.4 OK for: express@4.21.1 want: 0.5.4
107 silly placeDep ROOT content-type@1.0.5 OK for: express@4.21.1 want: ~1.0.4
108 silly placeDep ROOT cookie@0.7.1 OK for: express@4.21.1 want: 0.7.1
109 silly placeDep ROOT cookie-signature@1.0.6 OK for: express@4.21.1 want: 1.0.6
110 silly placeDep ROOT debug@2.6.9 OK for: express@4.21.1 want: 2.6.9
111 silly placeDep ROOT depd@2.0.0 OK for: express@4.21.1 want: 2.0.0
112 silly placeDep ROOT encodeurl@2.0.0 OK for: express@4.21.1 want: ~2.0.0
113 silly placeDep ROOT escape-html@1.0.3 OK for: express@4.21.1 want: ~1.0.3
114 silly placeDep ROOT etag@1.8.1 OK for: express@4.21.1 want: ~1.8.1
115 silly placeDep ROOT finalhandler@1.3.1 OK for: express@4.21.1 want: 1.3.1
116 silly placeDep ROOT fresh@0.5.2 OK for: express@4.21.1 want: 0.5.2
117 silly placeDep ROOT http-errors@2.0.0 OK for: express@4.21.1 want: 2.0.0
118 silly placeDep ROOT merge-descriptors@1.0.3 OK for: express@4.21.1 want: 1.0.3
119 silly placeDep ROOT methods@1.1.2 OK for: express@4.21.1 want: ~1.1.2
120 silly placeDep ROOT on-finished@2.4.1 OK for: express@4.21.1 want: 2.4.1
121 silly placeDep ROOT parseurl@1.3.3 OK for: express@4.21.1 want: ~1.3.3
122 silly placeDep ROOT path-to-regexp@0.1.10 OK for: express@4.21.1 want: 0.1.10
123 silly placeDep ROOT proxy-addr@2.0.7 OK for: express@4.21.1 want: ~2.0.7
124 silly placeDep ROOT qs@6.13.0 OK for: express@4.21.1 want: 6.13.0
125 silly placeDep ROOT range-parser@1.2.1 OK for: express@4.21.1 want: ~1.2.1
126 silly placeDep ROOT safe-buffer@5.2.1 OK for: express@4.21.1 want: 5.2.1
127 silly placeDep ROOT send@0.19.0 OK for: express@4.21.1 want: 0.19.0
128 silly placeDep ROOT serve-static@1.16.2 OK for: express@4.21.1 want: 1.16.2
129 silly placeDep ROOT setprototypeof@1.2.0 OK for: express@4.21.1 want: 1.2.0
130 silly placeDep ROOT statuses@2.0.1 OK for: express@4.21.1 want: 2.0.1
131 silly placeDep ROOT type-is@1.6.18 OK for: express@4.21.1 want: ~1.6.18
132 silly placeDep ROOT utils-merge@1.0.1 OK for: express@4.21.1 want: 1.0.1
133 silly placeDep ROOT vary@1.1.2 OK for: express@4.21.1 want: ~1.1.2
134 silly fetch manifest mime-types@~2.1.34
135 silly fetch manifest negotiator@0.6.3
136 silly fetch manifest bytes@3.1.2
137 silly fetch manifest unpipe@1.0.0
138 silly fetch manifest destroy@1.2.0
139 silly fetch manifest raw-body@2.5.2
140 silly fetch manifest iconv-lite@0.4.24
141 silly fetch manifest ms@2.0.0
142 silly fetch manifest unpipe@~1.0.0
143 silly fetch manifest inherits@2.0.4
144 silly fetch manifest toidentifier@1.0.1
145 silly fetch manifest ee-first@1.1.1
146 silly fetch manifest forwarded@0.2.0
147 silly fetch manifest ipaddr.js@1.9.1
148 silly fetch manifest side-channel@^1.0.6
149 silly fetch manifest ms@2.1.3
150 silly fetch manifest mime@1.6.0
151 silly fetch manifest encodeurl@~1.0.2
152 silly fetch manifest mime-types@~2.1.24
153 silly fetch manifest media-typer@0.3.0
154 http fetch GET 200 https://registry.npmjs.org/unpipe 211ms (cache miss)
155 http fetch GET 200 https://registry.npmjs.org/ipaddr.js 204ms (cache miss)
156 http fetch GET 200 https://registry.npmjs.org/unpipe 211ms (cache miss)
157 http fetch GET 200 https://registry.npmjs.org/ee-first 208ms (cache miss)
158 http fetch GET 200 https://registry.npmjs.org/inherits 210ms (cache miss)
159 http fetch GET 200 https://registry.npmjs.org/forwarded 208ms (cache miss)
160 http fetch GET 200 https://registry.npmjs.org/bytes 222ms (cache miss)
161 http fetch GET 200 https://registry.npmjs.org/toidentifier 214ms (cache miss)
162 http fetch GET 200 https://registry.npmjs.org/destroy 222ms (cache miss)
163 http fetch GET 200 https://registry.npmjs.org/negotiator 224ms (cache miss)
164 http fetch GET 200 https://registry.npmjs.org/side-channel 217ms (cache miss)
165 http fetch GET 200 https://registry.npmjs.org/media-typer 212ms (cache miss)
166 http fetch GET 200 https://registry.npmjs.org/ms 225ms (cache miss)
167 http fetch GET 200 https://registry.npmjs.org/ms 218ms (cache miss)
168 http fetch GET 200 https://registry.npmjs.org/mime 218ms (cache miss)
169 http fetch GET 200 https://registry.npmjs.org/raw-body 232ms (cache miss)
170 http fetch GET 200 https://registry.npmjs.org/iconv-lite 232ms (cache miss)
171 http fetch GET 200 https://registry.npmjs.org/mime-types 241ms (cache miss)
172 http fetch GET 200 https://registry.npmjs.org/mime-types 225ms (cache miss)
173 timing idealTree:node_modules/express Completed in 321ms
174 silly placeDep ROOT mime-types@2.1.35 OK for: accepts@1.3.8 want: ~2.1.34
175 silly placeDep ROOT negotiator@0.6.3 OK for: accepts@1.3.8 want: 0.6.3
176 silly fetch manifest mime-db@1.52.0
177 http fetch GET 200 https://registry.npmjs.org/mime-db 26ms (cache miss)
178 timing idealTree:node_modules/accepts Completed in 36ms
179 timing idealTree:node_modules/array-flatten Completed in 0ms
180 silly placeDep ROOT bytes@3.1.2 OK for: body-parser@1.20.3 want: 3.1.2
181 silly placeDep ROOT destroy@1.2.0 OK for: body-parser@1.20.3 want: 1.2.0
182 silly placeDep ROOT iconv-lite@0.4.24 OK for: body-parser@1.20.3 want: 0.4.24
183 silly placeDep ROOT raw-body@2.5.2 OK for: body-parser@1.20.3 want: 2.5.2
184 silly placeDep ROOT unpipe@1.0.0 OK for: body-parser@1.20.3 want: 1.0.0
185 silly fetch manifest safer-buffer@>= 2.1.2 < 3
186 http fetch GET 200 https://registry.npmjs.org/safer-buffer 25ms (cache miss)
187 timing idealTree:node_modules/body-parser Completed in 36ms
188 timing idealTree:node_modules/bytes Completed in 0ms
189 timing idealTree:node_modules/content-disposition Completed in 0ms
190 timing idealTree:node_modules/content-type Completed in 0ms
191 timing idealTree:node_modules/cookie Completed in 0ms
192 timing idealTree:node_modules/cookie-signature Completed in 0ms
193 silly placeDep ROOT ms@2.0.0 OK for: debug@2.6.9 want: 2.0.0
194 timing idealTree:node_modules/debug Completed in 4ms
195 timing idealTree:node_modules/depd Completed in 0ms
196 timing idealTree:node_modules/destroy Completed in 0ms
197 timing idealTree:node_modules/encodeurl Completed in 0ms
198 timing idealTree:node_modules/escape-html Completed in 0ms
199 timing idealTree:node_modules/etag Completed in 0ms
200 timing idealTree:node_modules/finalhandler Completed in 0ms
201 timing idealTree:node_modules/fresh Completed in 0ms
202 silly placeDep ROOT inherits@2.0.4 OK for: http-errors@2.0.0 want: 2.0.4
203 silly placeDep ROOT toidentifier@1.0.1 OK for: http-errors@2.0.0 want: 1.0.1
204 timing idealTree:node_modules/http-errors Completed in 6ms
205 silly placeDep ROOT safer-buffer@2.1.2 OK for: iconv-lite@0.4.24 want: >= 2.1.2 < 3
206 timing idealTree:node_modules/iconv-lite Completed in 1ms
207 timing idealTree:node_modules/inherits Completed in 0ms
208 timing idealTree:node_modules/merge-descriptors Completed in 0ms
209 timing idealTree:node_modules/methods Completed in 0ms
210 silly placeDep ROOT mime-db@1.52.0 OK for: mime-types@2.1.35 want: 1.52.0
211 timing idealTree:node_modules/mime-types Completed in 1ms
212 timing idealTree:node_modules/mime-db Completed in 0ms
213 timing idealTree:node_modules/ms Completed in 0ms
214 timing idealTree:node_modules/negotiator Completed in 0ms
215 silly placeDep ROOT ee-first@1.1.1 OK for: on-finished@2.4.1 want: 1.1.1
216 timing idealTree:node_modules/on-finished Completed in 1ms
217 timing idealTree:node_modules/ee-first Completed in 0ms
218 timing idealTree:node_modules/parseurl Completed in 0ms
219 timing idealTree:node_modules/path-to-regexp Completed in 0ms
220 silly placeDep ROOT forwarded@0.2.0 OK for: proxy-addr@2.0.7 want: 0.2.0
221 silly placeDep ROOT ipaddr.js@1.9.1 OK for: proxy-addr@2.0.7 want: 1.9.1
222 timing idealTree:node_modules/proxy-addr Completed in 2ms
223 timing idealTree:node_modules/forwarded Completed in 0ms
224 timing idealTree:node_modules/ipaddr.js Completed in 0ms
225 silly placeDep ROOT side-channel@1.0.6 OK for: qs@6.13.0 want: ^1.0.6
226 silly fetch manifest call-bind@^1.0.7
227 silly fetch manifest es-errors@^1.3.0
228 silly fetch manifest get-intrinsic@^1.2.4
229 silly fetch manifest object-inspect@^1.13.1
230 http fetch GET 200 https://registry.npmjs.org/call-bind 78ms (cache miss)
231 http fetch GET 200 https://registry.npmjs.org/es-errors 77ms (cache miss)
232 http fetch GET 200 https://registry.npmjs.org/get-intrinsic 81ms (cache miss)
233 http fetch GET 200 https://registry.npmjs.org/object-inspect 84ms (cache miss)
234 timing idealTree:node_modules/qs Completed in 88ms
235 timing idealTree:node_modules/range-parser Completed in 0ms
236 timing idealTree:node_modules/raw-body Completed in 0ms
237 timing idealTree:node_modules/safe-buffer Completed in 0ms
238 timing idealTree:node_modules/safer-buffer Completed in 0ms
239 silly placeDep node_modules/send encodeurl@1.0.2 OK for: send@0.19.0 want: ~1.0.2
240 silly placeDep ROOT mime@1.6.0 OK for: send@0.19.0 want: 1.6.0
241 silly placeDep node_modules/send ms@2.1.3 OK for: send@0.19.0 want: 2.1.3
242 timing idealTree:node_modules/send Completed in 15ms
243 timing idealTree:node_modules/mime Completed in 0ms
244 timing idealTree:node_modules/serve-static Completed in 0ms
245 timing idealTree:node_modules/setprototypeof Completed in 0ms
246 silly placeDep ROOT call-bind@1.0.7 OK for: side-channel@1.0.6 want: ^1.0.7
247 silly placeDep ROOT es-errors@1.3.0 OK for: side-channel@1.0.6 want: ^1.3.0
248 silly placeDep ROOT get-intrinsic@1.2.4 OK for: side-channel@1.0.6 want: ^1.2.4
249 silly placeDep ROOT object-inspect@1.13.2 OK for: side-channel@1.0.6 want: ^1.13.1
250 silly fetch manifest es-define-property@^1.0.0
251 silly fetch manifest function-bind@^1.1.2
252 silly fetch manifest set-function-length@^1.2.1
253 silly fetch manifest has-proto@^1.0.1
254 silly fetch manifest has-symbols@^1.0.3
255 silly fetch manifest hasown@^2.0.0
256 http fetch GET 200 https://registry.npmjs.org/es-define-property 86ms (cache miss)
257 http fetch GET 200 https://registry.npmjs.org/function-bind 82ms (cache miss)
258 http fetch GET 200 https://registry.npmjs.org/has-proto 81ms (cache miss)
259 http fetch GET 200 https://registry.npmjs.org/has-symbols 80ms (cache miss)
260 http fetch GET 200 https://registry.npmjs.org/hasown 80ms (cache miss)
261 http fetch GET 200 https://registry.npmjs.org/set-function-length 84ms (cache miss)
262 timing idealTree:node_modules/side-channel Completed in 103ms
263 silly placeDep ROOT es-define-property@1.0.0 OK for: call-bind@1.0.7 want: ^1.0.0
264 silly placeDep ROOT function-bind@1.1.2 OK for: call-bind@1.0.7 want: ^1.1.2
265 silly placeDep ROOT set-function-length@1.2.2 OK for: call-bind@1.0.7 want: ^1.2.1
266 silly fetch manifest define-data-property@^1.1.4
267 silly fetch manifest gopd@^1.0.1
268 silly fetch manifest has-property-descriptors@^1.0.2
269 http fetch GET 200 https://registry.npmjs.org/has-property-descriptors 35ms (cache miss)
270 http fetch GET 200 https://registry.npmjs.org/define-data-property 43ms (cache miss)
271 http fetch GET 200 https://registry.npmjs.org/gopd 39ms (cache miss)
272 timing idealTree:node_modules/call-bind Completed in 55ms
273 timing idealTree:node_modules/es-define-property Completed in 0ms
274 timing idealTree:node_modules/es-errors Completed in 0ms
275 timing idealTree:node_modules/function-bind Completed in 0ms
276 silly placeDep ROOT has-proto@1.0.3 OK for: get-intrinsic@1.2.4 want: ^1.0.1
277 silly placeDep ROOT has-symbols@1.0.3 OK for: get-intrinsic@1.2.4 want: ^1.0.3
278 silly placeDep ROOT hasown@2.0.2 OK for: get-intrinsic@1.2.4 want: ^2.0.0
279 timing idealTree:node_modules/get-intrinsic Completed in 6ms
280 timing idealTree:node_modules/has-proto Completed in 0ms
281 timing idealTree:node_modules/has-symbols Completed in 0ms
282 timing idealTree:node_modules/hasown Completed in 0ms
283 timing idealTree:node_modules/object-inspect Completed in 0ms
284 silly placeDep ROOT define-data-property@1.1.4 OK for: set-function-length@1.2.2 want: ^1.1.4
285 silly placeDep ROOT gopd@1.0.1 OK for: set-function-length@1.2.2 want: ^1.0.1
286 silly placeDep ROOT has-property-descriptors@1.0.2 OK for: set-function-length@1.2.2 want: ^1.0.2
287 timing idealTree:node_modules/set-function-length Completed in 5ms
288 timing idealTree:node_modules/define-data-property Completed in 0ms
289 timing idealTree:node_modules/gopd Completed in 0ms
290 timing idealTree:node_modules/has-property-descriptors Completed in 0ms
291 timing idealTree:node_modules/statuses Completed in 0ms
292 timing idealTree:node_modules/toidentifier Completed in 0ms
293 silly placeDep ROOT media-typer@0.3.0 OK for: type-is@1.6.18 want: 0.3.0
294 timing idealTree:node_modules/type-is Completed in 3ms
295 timing idealTree:node_modules/media-typer Completed in 0ms
296 timing idealTree:node_modules/unpipe Completed in 0ms
297 timing idealTree:node_modules/utils-merge Completed in 0ms
298 timing idealTree:node_modules/vary Completed in 0ms
299 timing idealTree:node_modules/send/node_modules/encodeurl Completed in 0ms
300 timing idealTree:node_modules/send/node_modules/ms Completed in 0ms
301 timing idealTree:buildDeps Completed in 1254ms
302 timing idealTree:fixDepFlags Completed in 2ms
303 timing idealTree Completed in 1297ms
304 timing reify:loadTrees Completed in 1298ms
305 timing reify:diffTrees Completed in 5ms
306 silly reify moves {}
307 timing reify:retireShallow Completed in 2ms
308 timing reify:createSparse Completed in 16ms
309 timing reify:loadBundles Completed in 0ms
310 silly tarball no local data for ms@https://registry.npmjs.org/ms/-/ms-2.1.3.tgz. Extracting by manifest.
311 silly tarball no local data for encodeurl@https://registry.npmjs.org/encodeurl/-/encodeurl-1.0.2.tgz. Extracting by manifest.
312 silly tarball no local data for media-typer@https://registry.npmjs.org/media-typer/-/media-typer-0.3.0.tgz. Extracting by manifest.
313 silly tarball no local data for has-property-descriptors@https://registry.npmjs.org/has-property-descriptors/-/has-property-descriptors-1.0.2.tgz. Extracting by manifest.
314 silly tarball no local data for gopd@https://registry.npmjs.org/gopd/-/gopd-1.0.1.tgz. Extracting by manifest.
315 silly tarball no local data for define-data-property@https://registry.npmjs.org/define-data-property/-/define-data-property-1.1.4.tgz. Extracting by manifest.
316 silly tarball no local data for hasown@https://registry.npmjs.org/hasown/-/hasown-2.0.2.tgz. Extracting by manifest.
317 silly tarball no local data for has-symbols@https://registry.npmjs.org/has-symbols/-/has-symbols-1.0.3.tgz. Extracting by manifest.
318 silly tarball no local data for has-proto@https://registry.npmjs.org/has-proto/-/has-proto-1.0.3.tgz. Extracting by manifest.
319 silly tarball no local data for set-function-length@https://registry.npmjs.org/set-function-length/-/set-function-length-1.2.2.tgz. Extracting by manifest.
320 silly tarball no local data for function-bind@https://registry.npmjs.org/function-bind/-/function-bind-1.1.2.tgz. Extracting by manifest.
321 silly tarball no local data for es-define-property@https://registry.npmjs.org/es-define-property/-/es-define-property-1.0.0.tgz. Extracting by manifest.
322 silly tarball no local data for object-inspect@https://registry.npmjs.org/object-inspect/-/object-inspect-1.13.2.tgz. Extracting by manifest.
323 silly tarball no local data for get-intrinsic@https://registry.npmjs.org/get-intrinsic/-/get-intrinsic-1.2.4.tgz. Extracting by manifest.
324 silly tarball no local data for es-errors@https://registry.npmjs.org/es-errors/-/es-errors-1.3.0.tgz. Extracting by manifest.
325 silly tarball no local data for call-bind@https://registry.npmjs.org/call-bind/-/call-bind-1.0.7.tgz. Extracting by manifest.
326 silly tarball no local data for mime@https://registry.npmjs.org/mime/-/mime-1.6.0.tgz. Extracting by manifest.
327 silly tarball no local data for side-channel@https://registry.npmjs.org/side-channel/-/side-channel-1.0.6.tgz. Extracting by manifest.
328 silly tarball no local data for ipaddr.js@https://registry.npmjs.org/ipaddr.js/-/ipaddr.js-1.9.1.tgz. Extracting by manifest.
329 silly tarball no local data for forwarded@https://registry.npmjs.org/forwarded/-/forwarded-0.2.0.tgz. Extracting by manifest.
330 silly tarball no local data for ee-first@https://registry.npmjs.org/ee-first/-/ee-first-1.1.1.tgz. Extracting by manifest.
331 silly tarball no local data for mime-db@https://registry.npmjs.org/mime-db/-/mime-db-1.52.0.tgz. Extracting by manifest.
332 silly tarball no local data for safer-buffer@https://registry.npmjs.org/safer-buffer/-/safer-buffer-2.1.2.tgz. Extracting by manifest.
333 silly tarball no local data for toidentifier@https://registry.npmjs.org/toidentifier/-/toidentifier-1.0.1.tgz. Extracting by manifest.
334 silly tarball no local data for inherits@https://registry.npmjs.org/inherits/-/inherits-2.0.4.tgz. Extracting by manifest.
335 silly tarball no local data for ms@https://registry.npmjs.org/ms/-/ms-2.0.0.tgz. Extracting by manifest.
336 silly tarball no local data for unpipe@https://registry.npmjs.org/unpipe/-/unpipe-1.0.0.tgz. Extracting by manifest.
337 silly tarball no local data for raw-body@https://registry.npmjs.org/raw-body/-/raw-body-2.5.2.tgz. Extracting by manifest.
338 silly tarball no local data for iconv-lite@https://registry.npmjs.org/iconv-lite/-/iconv-lite-0.4.24.tgz. Extracting by manifest.
339 silly tarball no local data for destroy@https://registry.npmjs.org/destroy/-/destroy-1.2.0.tgz. Extracting by manifest.
340 silly tarball no local data for bytes@https://registry.npmjs.org/bytes/-/bytes-3.1.2.tgz. Extracting by manifest.
341 silly tarball no local data for negotiator@https://registry.npmjs.org/negotiator/-/negotiator-0.6.3.tgz. Extracting by manifest.
342 silly tarball no local data for mime-types@https://registry.npmjs.org/mime-types/-/mime-types-2.1.35.tgz. Extracting by manifest.
343 silly tarball no local data for vary@https://registry.npmjs.org/vary/-/vary-1.1.2.tgz. Extracting by manifest.
344 silly tarball no local data for utils-merge@https://registry.npmjs.org/utils-merge/-/utils-merge-1.0.1.tgz. Extracting by manifest.
345 silly tarball no local data for type-is@https://registry.npmjs.org/type-is/-/type-is-1.6.18.tgz. Extracting by manifest.
346 silly tarball no local data for statuses@https://registry.npmjs.org/statuses/-/statuses-2.0.1.tgz. Extracting by manifest.
347 silly tarball no local data for setprototypeof@https://registry.npmjs.org/setprototypeof/-/setprototypeof-1.2.0.tgz. Extracting by manifest.
348 silly tarball no local data for serve-static@https://registry.npmjs.org/serve-static/-/serve-static-1.16.2.tgz. Extracting by manifest.
349 silly tarball no local data for send@https://registry.npmjs.org/send/-/send-0.19.0.tgz. Extracting by manifest.
350 silly tarball no local data for safe-buffer@https://registry.npmjs.org/safe-buffer/-/safe-buffer-5.2.1.tgz. Extracting by manifest.
351 silly tarball no local data for range-parser@https://registry.npmjs.org/range-parser/-/range-parser-1.2.1.tgz. Extracting by manifest.
352 silly tarball no local data for qs@https://registry.npmjs.org/qs/-/qs-6.13.0.tgz. Extracting by manifest.
353 silly tarball no local data for proxy-addr@https://registry.npmjs.org/proxy-addr/-/proxy-addr-2.0.7.tgz. Extracting by manifest.
354 silly tarball no local data for path-to-regexp@https://registry.npmjs.org/path-to-regexp/-/path-to-regexp-0.1.10.tgz. Extracting by manifest.
355 silly tarball no local data for parseurl@https://registry.npmjs.org/parseurl/-/parseurl-1.3.3.tgz. Extracting by manifest.
356 silly tarball no local data for on-finished@https://registry.npmjs.org/on-finished/-/on-finished-2.4.1.tgz. Extracting by manifest.
357 silly tarball no local data for methods@https://registry.npmjs.org/methods/-/methods-1.1.2.tgz. Extracting by manifest.
358 silly tarball no local data for merge-descriptors@https://registry.npmjs.org/merge-descriptors/-/merge-descriptors-1.0.3.tgz. Extracting by manifest.
359 silly tarball no local data for http-errors@https://registry.npmjs.org/http-errors/-/http-errors-2.0.0.tgz. Extracting by manifest.
360 silly tarball no local data for fresh@https://registry.npmjs.org/fresh/-/fresh-0.5.2.tgz. Extracting by manifest.
361 silly tarball no local data for finalhandler@https://registry.npmjs.org/finalhandler/-/finalhandler-1.3.1.tgz. Extracting by manifest.
362 silly tarball no local data for etag@https://registry.npmjs.org/etag/-/etag-1.8.1.tgz. Extracting by manifest.
363 silly tarball no local data for escape-html@https://registry.npmjs.org/escape-html/-/escape-html-1.0.3.tgz. Extracting by manifest.
364 silly tarball no local data for encodeurl@https://registry.npmjs.org/encodeurl/-/encodeurl-2.0.0.tgz. Extracting by manifest.
365 silly tarball no local data for depd@https://registry.npmjs.org/depd/-/depd-2.0.0.tgz. Extracting by manifest.
366 silly tarball no local data for debug@https://registry.npmjs.org/debug/-/debug-2.6.9.tgz. Extracting by manifest.
367 silly tarball no local data for cookie-signature@https://registry.npmjs.org/cookie-signature/-/cookie-signature-1.0.6.tgz. Extracting by manifest.
368 silly tarball no local data for cookie@https://registry.npmjs.org/cookie/-/cookie-0.7.1.tgz. Extracting by manifest.
369 silly tarball no local data for content-type@https://registry.npmjs.org/content-type/-/content-type-1.0.5.tgz. Extracting by manifest.
370 silly tarball no local data for content-disposition@https://registry.npmjs.org/content-disposition/-/content-disposition-0.5.4.tgz. Extracting by manifest.
371 silly tarball no local data for body-parser@https://registry.npmjs.org/body-parser/-/body-parser-1.20.3.tgz. Extracting by manifest.
372 silly tarball no local data for array-flatten@https://registry.npmjs.org/array-flatten/-/array-flatten-1.1.1.tgz. Extracting by manifest.
373 silly tarball no local data for express@https://registry.npmjs.org/express/-/express-4.21.1.tgz. Extracting by manifest.
374 silly tarball no local data for accepts@https://registry.npmjs.org/accepts/-/accepts-1.3.8.tgz. Extracting by manifest.
375 http fetch GET 200 https://registry.npmjs.org/ms/-/ms-2.1.3.tgz 1125ms (cache miss)
376 timing reifyNode:node_modules/send/node_modules/ms Completed in 1183ms
377 http fetch GET 200 https://registry.npmjs.org/ee-first/-/ee-first-1.1.1.tgz 1052ms (cache miss)
378 timing reifyNode:node_modules/ee-first Completed in 1188ms
379 http fetch GET 200 https://registry.npmjs.org/gopd/-/gopd-1.0.1.tgz 1117ms (cache miss)
380 timing reifyNode:node_modules/gopd Completed in 1204ms
381 http fetch GET 200 https://registry.npmjs.org/negotiator/-/negotiator-0.6.3.tgz 992ms (cache miss)
382 http fetch GET 200 https://registry.npmjs.org/es-define-property/-/es-define-property-1.0.0.tgz 1101ms (cache miss)
383 http fetch GET 200 https://registry.npmjs.org/encodeurl/-/encodeurl-1.0.2.tgz 1150ms (cache miss)
384 timing reifyNode:node_modules/send/node_modules/encodeurl Completed in 1210ms
385 http fetch GET 200 https://registry.npmjs.org/media-typer/-/media-typer-0.3.0.tgz 1131ms (cache miss)
386 timing reifyNode:node_modules/media-typer Completed in 1217ms
387 http fetch GET 200 https://registry.npmjs.org/forwarded/-/forwarded-0.2.0.tgz 1087ms (cache miss)
388 timing reifyNode:node_modules/forwarded Completed in 1216ms
389 http fetch GET 200 https://registry.npmjs.org/ipaddr.js/-/ipaddr.js-1.9.1.tgz 1090ms (cache miss)
390 timing reifyNode:node_modules/ipaddr.js Completed in 1216ms
391 http fetch GET 200 https://registry.npmjs.org/call-bind/-/call-bind-1.0.7.tgz 1100ms (cache miss)
392 http fetch GET 200 https://registry.npmjs.org/body-parser/-/body-parser-1.20.3.tgz 859ms (cache miss)
393 http fetch GET 200 https://registry.npmjs.org/utils-merge/-/utils-merge-1.0.1.tgz 1000ms (cache miss)
394 timing reifyNode:node_modules/utils-merge Completed in 1220ms
395 http fetch GET 200 https://registry.npmjs.org/range-parser/-/range-parser-1.2.1.tgz 978ms (cache miss)
396 timing reifyNode:node_modules/range-parser Completed in 1220ms
397 http fetch GET 200 https://registry.npmjs.org/path-to-regexp/-/path-to-regexp-0.1.10.tgz 971ms (cache miss)
398 timing reifyNode:node_modules/path-to-regexp Completed in 1221ms
399 timing reifyNode:node_modules/es-define-property Completed in 1234ms
400 http fetch GET 200 https://registry.npmjs.org/inherits/-/inherits-2.0.4.tgz 1089ms (cache miss)
401 timing reifyNode:node_modules/inherits Completed in 1237ms
402 http fetch GET 200 https://registry.npmjs.org/mime-types/-/mime-types-2.1.35.tgz 1023ms (cache miss)
403 timing reifyNode:node_modules/mime-types Completed in 1238ms
404 http fetch GET 200 https://registry.npmjs.org/vary/-/vary-1.1.2.tgz 1021ms (cache miss)
405 timing reifyNode:node_modules/vary Completed in 1238ms
406 http fetch GET 200 https://registry.npmjs.org/serve-static/-/serve-static-1.16.2.tgz 1003ms (cache miss)
407 timing reifyNode:node_modules/serve-static Completed in 1239ms
408 http fetch GET 200 https://registry.npmjs.org/send/-/send-0.19.0.tgz 1001ms (cache miss)
409 http fetch GET 200 https://registry.npmjs.org/unpipe/-/unpipe-1.0.0.tgz 1061ms (cache miss)
410 timing reifyNode:node_modules/unpipe Completed in 1241ms
411 http fetch GET 200 https://registry.npmjs.org/destroy/-/destroy-1.2.0.tgz 1034ms (cache miss)
412 timing reifyNode:node_modules/destroy Completed in 1241ms
413 http fetch GET 200 https://registry.npmjs.org/define-data-property/-/define-data-property-1.1.4.tgz 1156ms (cache miss)
414 http fetch GET 200 https://registry.npmjs.org/encodeurl/-/encodeurl-2.0.0.tgz 957ms (cache miss)
415 timing reifyNode:node_modules/encodeurl Completed in 1240ms
416 http fetch GET 200 https://registry.npmjs.org/cookie-signature/-/cookie-signature-1.0.6.tgz 917ms (cache miss)
417 timing reifyNode:node_modules/cookie-signature Completed in 1240ms
418 http fetch GET 200 https://registry.npmjs.org/finalhandler/-/finalhandler-1.3.1.tgz 972ms (cache miss)
419 timing reifyNode:node_modules/finalhandler Completed in 1242ms
420 http fetch GET 200 https://registry.npmjs.org/hasown/-/hasown-2.0.2.tgz 1153ms (cache miss)
421 http fetch GET 200 https://registry.npmjs.org/has-property-descriptors/-/has-property-descriptors-1.0.2.tgz 1162ms (cache miss)
422 http fetch GET 200 https://registry.npmjs.org/toidentifier/-/toidentifier-1.0.1.tgz 1108ms (cache miss)
423 timing reifyNode:node_modules/toidentifier Completed in 1251ms
424 http fetch GET 200 https://registry.npmjs.org/ms/-/ms-2.0.0.tgz 1088ms (cache miss)
425 timing reifyNode:node_modules/ms Completed in 1252ms
426 http fetch GET 200 https://registry.npmjs.org/bytes/-/bytes-3.1.2.tgz 1043ms (cache miss)
427 timing reifyNode:node_modules/bytes Completed in 1252ms
428 timing reifyNode:node_modules/negotiator Completed in 1252ms
429 http fetch GET 200 https://registry.npmjs.org/statuses/-/statuses-2.0.1.tgz 1025ms (cache miss)
430 timing reifyNode:node_modules/statuses Completed in 1252ms
431 http fetch GET 200 https://registry.npmjs.org/setprototypeof/-/setprototypeof-1.2.0.tgz 1024ms (cache miss)
432 timing reifyNode:node_modules/setprototypeof Completed in 1253ms
433 timing reifyNode:node_modules/send Completed in 1253ms
434 http fetch GET 200 https://registry.npmjs.org/content-type/-/content-type-1.0.5.tgz 903ms (cache miss)
435 timing reifyNode:node_modules/content-type Completed in 1253ms
436 http fetch GET 200 https://registry.npmjs.org/on-finished/-/on-finished-2.4.1.tgz 1001ms (cache miss)
437 timing reifyNode:node_modules/on-finished Completed in 1254ms
438 timing reifyNode:node_modules/hasown Completed in 1260ms
439 timing reifyNode:node_modules/has-property-descriptors Completed in 1260ms
440 http fetch GET 200 https://registry.npmjs.org/etag/-/etag-1.8.1.tgz 984ms (cache miss)
441 timing reifyNode:node_modules/etag Completed in 1257ms
442 http fetch GET 200 https://registry.npmjs.org/methods/-/methods-1.1.2.tgz 1004ms (cache miss)
443 timing reifyNode:node_modules/methods Completed in 1258ms
444 timing reifyNode:node_modules/call-bind Completed in 1263ms
445 http fetch GET 200 https://registry.npmjs.org/type-is/-/type-is-1.6.18.tgz 1043ms (cache miss)
446 timing reifyNode:node_modules/type-is Completed in 1262ms
447 http fetch GET 200 https://registry.npmjs.org/raw-body/-/raw-body-2.5.2.tgz 1074ms (cache miss)
448 timing reifyNode:node_modules/raw-body Completed in 1263ms
449 http fetch GET 200 https://registry.npmjs.org/proxy-addr/-/proxy-addr-2.0.7.tgz 1018ms (cache miss)
450 timing reifyNode:node_modules/proxy-addr Completed in 1264ms
451 http fetch GET 200 https://registry.npmjs.org/cookie/-/cookie-0.7.1.tgz 918ms (cache miss)
452 timing reifyNode:node_modules/cookie Completed in 1262ms
453 http fetch GET 200 https://registry.npmjs.org/content-disposition/-/content-disposition-0.5.4.tgz 909ms (cache miss)
454 timing reifyNode:node_modules/content-disposition Completed in 1263ms
455 http fetch GET 200 https://registry.npmjs.org/escape-html/-/escape-html-1.0.3.tgz 987ms (cache miss)
456 timing reifyNode:node_modules/escape-html Completed in 1264ms
457 http fetch GET 200 https://registry.npmjs.org/merge-descriptors/-/merge-descriptors-1.0.3.tgz 1001ms (cache miss)
458 timing reifyNode:node_modules/merge-descriptors Completed in 1264ms
459 http fetch GET 200 https://registry.npmjs.org/parseurl/-/parseurl-1.3.3.tgz 1014ms (cache miss)
460 timing reifyNode:node_modules/parseurl Completed in 1267ms
461 http fetch GET 200 https://registry.npmjs.org/fresh/-/fresh-0.5.2.tgz 1000ms (cache miss)
462 timing reifyNode:node_modules/fresh Completed in 1268ms
463 http fetch GET 200 https://registry.npmjs.org/safe-buffer/-/safe-buffer-5.2.1.tgz 1030ms (cache miss)
464 timing reifyNode:node_modules/safe-buffer Completed in 1270ms
465 http fetch GET 200 https://registry.npmjs.org/http-errors/-/http-errors-2.0.0.tgz 1006ms (cache miss)
466 timing reifyNode:node_modules/http-errors Completed in 1274ms
467 timing reifyNode:node_modules/define-data-property Completed in 1280ms
468 http fetch GET 200 https://registry.npmjs.org/array-flatten/-/array-flatten-1.1.1.tgz 918ms (cache miss)
469 timing reifyNode:node_modules/array-flatten Completed in 1274ms
470 http fetch GET 200 https://registry.npmjs.org/has-proto/-/has-proto-1.0.3.tgz 1183ms (cache miss)
471 timing reifyNode:node_modules/has-proto Completed in 1280ms
472 http fetch GET 200 https://registry.npmjs.org/accepts/-/accepts-1.3.8.tgz 876ms (cache miss)
473 timing reifyNode:node_modules/accepts Completed in 1277ms
474 http fetch GET 200 https://registry.npmjs.org/depd/-/depd-2.0.0.tgz 993ms (cache miss)
475 timing reifyNode:node_modules/depd Completed in 1278ms
476 http fetch GET 200 https://registry.npmjs.org/set-function-length/-/set-function-length-1.2.2.tgz 1193ms (cache miss)
477 timing reifyNode:node_modules/set-function-length Completed in 1302ms
478 http fetch GET 200 https://registry.npmjs.org/get-intrinsic/-/get-intrinsic-1.2.4.tgz 1191ms (cache miss)
479 timing reifyNode:node_modules/get-intrinsic Completed in 1305ms
480 http fetch GET 200 https://registry.npmjs.org/es-errors/-/es-errors-1.3.0.tgz 1191ms (cache miss)
481 http fetch GET 200 https://registry.npmjs.org/function-bind/-/function-bind-1.1.2.tgz 1204ms (cache miss)
482 timing reifyNode:node_modules/function-bind Completed in 1306ms
483 http fetch GET 200 https://registry.npmjs.org/safer-buffer/-/safer-buffer-2.1.2.tgz 1167ms (cache miss)
484 timing reifyNode:node_modules/safer-buffer Completed in 1308ms
485 timing reifyNode:node_modules/es-errors Completed in 1314ms
486 http fetch GET 200 https://registry.npmjs.org/has-symbols/-/has-symbols-1.0.3.tgz 1222ms (cache miss)
487 timing reifyNode:node_modules/has-symbols Completed in 1318ms
488 http fetch GET 200 https://registry.npmjs.org/side-channel/-/side-channel-1.0.6.tgz 1192ms (cache miss)
489 timing reifyNode:node_modules/side-channel Completed in 1317ms
490 timing reifyNode:node_modules/body-parser Completed in 1314ms
491 http fetch GET 200 https://registry.npmjs.org/debug/-/debug-2.6.9.tgz 1032ms (cache miss)
492 timing reifyNode:node_modules/debug Completed in 1322ms
493 http fetch GET 200 https://registry.npmjs.org/mime/-/mime-1.6.0.tgz 1205ms (cache miss)
494 timing reifyNode:node_modules/mime Completed in 1329ms
495 http fetch GET 200 https://registry.npmjs.org/mime-db/-/mime-db-1.52.0.tgz 1191ms (cache miss)
496 timing reifyNode:node_modules/mime-db Completed in 1329ms
497 http fetch GET 200 https://registry.npmjs.org/express/-/express-4.21.1.tgz 992ms (cache miss)
498 timing reifyNode:node_modules/express Completed in 1350ms
499 http fetch GET 200 https://registry.npmjs.org/object-inspect/-/object-inspect-1.13.2.tgz 1246ms (cache miss)
500 timing reifyNode:node_modules/object-inspect Completed in 1356ms
501 http fetch GET 200 https://registry.npmjs.org/qs/-/qs-6.13.0.tgz 1113ms (cache miss)
502 timing reifyNode:node_modules/qs Completed in 1358ms
503 http fetch GET 200 https://registry.npmjs.org/iconv-lite/-/iconv-lite-0.4.24.tgz 1187ms (cache miss)
504 timing reifyNode:node_modules/iconv-lite Completed in 1389ms
505 timing reify:unpack Completed in 1396ms
506 timing reify:unretire Completed in 0ms
507 timing build:queue Completed in 4ms
508 timing build:link:node_modules/mime Completed in 5ms
509 timing build:link Completed in 5ms
510 timing build:deps Completed in 10ms
511 timing build Completed in 11ms
512 timing reify:build Completed in 11ms
513 timing reify:trash Completed in 0ms
514 timing reify:save Completed in 36ms
515 timing reify Completed in 2809ms
516 silly ADD node_modules/media-typer
517 silly ADD node_modules/has-property-descriptors
518 silly ADD node_modules/gopd
519 silly ADD node_modules/define-data-property
520 silly ADD node_modules/hasown
521 silly ADD node_modules/has-symbols
522 silly ADD node_modules/has-proto
523 silly ADD node_modules/set-function-length
524 silly ADD node_modules/function-bind
525 silly ADD node_modules/es-define-property
526 silly ADD node_modules/object-inspect
527 silly ADD node_modules/get-intrinsic
528 silly ADD node_modules/es-errors
529 silly ADD node_modules/call-bind
530 silly ADD node_modules/mime
531 silly ADD node_modules/side-channel
532 silly ADD node_modules/ipaddr.js
533 silly ADD node_modules/forwarded
534 silly ADD node_modules/ee-first
535 silly ADD node_modules/mime-db
536 silly ADD node_modules/safer-buffer
537 silly ADD node_modules/toidentifier
538 silly ADD node_modules/inherits
539 silly ADD node_modules/ms
540 silly ADD node_modules/unpipe
541 silly ADD node_modules/raw-body
542 silly ADD node_modules/iconv-lite
543 silly ADD node_modules/destroy
544 silly ADD node_modules/bytes
545 silly ADD node_modules/negotiator
546 silly ADD node_modules/mime-types
547 silly ADD node_modules/vary
548 silly ADD node_modules/utils-merge
549 silly ADD node_modules/type-is
550 silly ADD node_modules/statuses
551 silly ADD node_modules/setprototypeof
552 silly ADD node_modules/serve-static
553 silly ADD node_modules/send
554 silly ADD node_modules/send/node_modules/ms
555 silly ADD node_modules/send/node_modules/encodeurl
556 silly ADD node_modules/safe-buffer
557 silly ADD node_modules/range-parser
558 silly ADD node_modules/qs
559 silly ADD node_modules/proxy-addr
560 silly ADD node_modules/path-to-regexp
561 silly ADD node_modules/parseurl
562 silly ADD node_modules/on-finished
563 silly ADD node_modules/methods
564 silly ADD node_modules/merge-descriptors
565 silly ADD node_modules/http-errors
566 silly ADD node_modules/fresh
567 silly ADD node_modules/finalhandler
568 silly ADD node_modules/etag
569 silly ADD node_modules/escape-html
570 silly ADD node_modules/encodeurl
571 silly ADD node_modules/depd
572 silly ADD node_modules/debug
573 silly ADD node_modules/cookie-signature
574 silly ADD node_modules/cookie
575 silly ADD node_modules/content-type
576 silly ADD node_modules/content-disposition
577 silly ADD node_modules/body-parser
578 silly ADD node_modules/array-flatten
579 silly ADD node_modules/accepts
580 silly ADD node_modules/express
581 timing command:install Completed in 2824ms
582 verbose exit 0
583 timing npm Completed in 2888ms
584 info ok
