0 verbose cli /usr/bin/node /usr/bin/npm
1 info using npm@9.2.0
2 info using node@v18.19.1
3 timing npm:load:whichnode Completed in 0ms
4 timing config:load:defaults Completed in 3ms
5 timing config:load:file:/usr/share/nodejs/npm/npmrc Completed in 5ms
6 timing config:load:builtin Completed in 5ms
7 timing config:load:cli Completed in 5ms
8 timing config:load:env Completed in 0ms
9 timing config:load:project Completed in 1ms
10 timing config:load:file:/home/ubuntu/.npmrc Completed in 0ms
11 timing config:load:user Completed in 1ms
12 timing config:load:file:/etc/npmrc Completed in 0ms
13 timing config:load:global Completed in 0ms
14 timing config:load:setEnvs Completed in 1ms
15 timing config:load Completed in 16ms
16 timing npm:load:configload Completed in 16ms
17 timing npm:load:mkdirpcache Completed in 1ms
18 timing npm:load:mkdirplogs Completed in 0ms
19 verbose title npm init
20 verbose argv "init"
21 timing npm:load:setTitle Completed in 4ms
22 timing config:load:flatten Completed in 7ms
23 timing npm:load:display Completed in 9ms
24 verbose logfile logs-max:10 dir:/home/ubuntu/.npm/_logs/2024-10-15T16_59_17_454Z-
25 verbose logfile /home/ubuntu/.npm/_logs/2024-10-15T16_59_17_454Z-debug-0.log
26 timing npm:load:logFile Completed in 9ms
27 timing npm:load:timers Completed in 0ms
28 timing npm:load:configScope Completed in 0ms
29 timing npm:load Completed in 39ms
30 timing config:load:flatten Completed in 1ms
31 silly logfile done cleaning log files
32 timing npm Completed in 32240ms
33 verbose unfinished npm timer command:init 1729011557523
34 info ok
35 error Exit handler never called!
36 error This is an error with npm itself. Please report this error at:
37 error     <https://github.com/npm/cli/issues>
38 error A complete log of this run can be found in:
38 error     /home/ubuntu/.npm/_logs/2024-10-15T16_59_17_454Z-debug-0.log
